<?xml version="1.0" encoding="UTF-8"?>
<!-- Generated by org.testng.reporters.JUnitReportReporter -->
<testsuite skipped="0" hostname="LAPTOP-VLTIOPNP" name="StringCalculatorTest" tests="4" failures="0" timestamp="2020-06-03T18:54:30 IST" time="0.021" errors="0">
  <testcase name="commaDelimitedSum" time="0.013" classname="StringCalculatorTest"/>
  <system-out/>
  <testcase name="emptyString" time="0.002" classname="StringCalculatorTest"/>
  <system-out/>
  <testcase name="newLineDelimeterReturnsSum" time="0.004" classname="StringCalculatorTest"/>
  <system-out/>
  <testcase name="singleValueReturn" time="0.002" classname="StringCalculatorTest"/>
  <system-out/>
</testsuite> <!-- StringCalculatorTest -->
