<?xml version="1.0" encoding="UTF-8"?>
<!-- Generated by org.testng.reporters.JUnitReportReporter -->
<testsuite skipped="0" hostname="LAPTOP-VLTIOPNP" name="StringCalculatorTest" tests="8" failures="0" timestamp="2020-06-03T22:26:52 IST" time="0.019" errors="0">
  <testcase name="negativeInputThrowsException" time="0.001" classname="StringCalculatorTest"/>
  <system-out/>
  <testcase name="newLineDelimeterReturnsSum" time="0.001" classname="StringCalculatorTest"/>
  <system-out/>
  <testcase name="multipleNegativeInputException" time="0.002" classname="StringCalculatorTest"/>
  <system-out/>
  <testcase name="singleValueReturn" time="0.002" classname="StringCalculatorTest"/>
  <system-out/>
  <testcase name="commaDelimitedSum" time="0.008" classname="StringCalculatorTest"/>
  <system-out/>
  <testcase name="sumOfUnknownAmountOfNumbers" time="0.002" classname="StringCalculatorTest"/>
  <system-out/>
  <testcase name="emptyString" time="0.002" classname="StringCalculatorTest"/>
  <system-out/>
  <testcase name="ignoresNumberGreaterThanThousand" time="0.001" classname="StringCalculatorTest"/>
  <system-out/>
</testsuite> <!-- StringCalculatorTest -->
