<?xml version="1.0" encoding="UTF-8"?>
<!-- Generated by org.testng.reporters.JUnitReportReporter -->
<testsuite skipped="0" hostname="LAPTOP-VLTIOPNP" name="StringCalculatorTest" tests="2" failures="0" timestamp="2020-06-03T18:17:33 IST" time="0.018" errors="0">
  <testcase name="emptyString" time="0.016" classname="StringCalculatorTest"/>
  <system-out/>
  <testcase name="singleValueReturn" time="0.002" classname="StringCalculatorTest"/>
  <system-out/>
</testsuite> <!-- StringCalculatorTest -->
