<?xml version="1.0" encoding="UTF-8"?>
<!-- Generated by org.testng.reporters.JUnitReportReporter -->
<testsuite skipped="0" hostname="LAPTOP-VLTIOPNP" name="StringCalculatorTest" tests="1" failures="0" timestamp="2020-06-03T16:57:57 IST" time="0.015" errors="0">
  <testcase name="emptyString" time="0.015" classname="StringCalculatorTest"/>
  <system-out/>
</testsuite> <!-- StringCalculatorTest -->
